<?xml version="1.0" encoding="UTF-8"?>
<!-- Generated by org.testng.reporters.JUnitXMLReporter -->
<testsuite ignored="4" hostname="AbhishekMS" failures="0" tests="2" name="Test runner 1" time="125.57" errors="0" timestamp="2022-03-16T13:22:04 IST">
  <testcase classname="com.vtiger_sdet31.VerifyOpportunityPomTest" name="verifyOpp" time="26.58"/>
  <testcase classname="com.vtiger_sdet31.CreateOrganisationWithIndustryPomTest" name="createOrganization" time="26.106"/>
  <testcase classname="com.vtiger.genericutility.BaseClass" name="@BeforeTest bt" time="0.0">
    <ignored/>
  </testcase> <!-- @BeforeTest bt -->
  <testcase classname="com.vtiger.genericutility.BaseClass" name="@AfterSuite as" time="0.0">
    <ignored/>
  </testcase> <!-- @AfterSuite as -->
  <testcase classname="com.vtiger.genericutility.BaseClass" name="@AfterTest at" time="0.0">
    <ignored/>
  </testcase> <!-- @AfterTest at -->
  <testcase classname="com.vtiger.genericutility.BaseClass" name="@BeforeSuite bs" time="0.0">
    <ignored/>
  </testcase> <!-- @BeforeSuite bs -->
</testsuite> <!-- Test runner 1 -->
