<?xml version="1.0" encoding="UTF-8"?>
<!-- Generated by org.testng.reporters.JUnitXMLReporter -->
<testsuite ignored="4" hostname="AbhishekMS" failures="0" tests="2" name="Test runner 2" time="131.557" errors="0" timestamp="2022-03-16T13:22:10 IST">
  <testcase classname="com.vtiger_sdet31.CampaignTest" name="campaign" time="31.274"/>
  <testcase classname="com.vtiger_sdet31.ContactsOrgtest" name="CreateContact" time="41.139"/>
  <testcase classname="com.vtiger.genericutility.BaseClass" name="@BeforeTest bt" time="0.0">
    <ignored/>
  </testcase> <!-- @BeforeTest bt -->
  <testcase classname="com.vtiger.genericutility.BaseClass" name="@AfterSuite as" time="0.0">
    <ignored/>
  </testcase> <!-- @AfterSuite as -->
  <testcase classname="com.vtiger.genericutility.BaseClass" name="@AfterTest at" time="0.0">
    <ignored/>
  </testcase> <!-- @AfterTest at -->
  <testcase classname="com.vtiger.genericutility.BaseClass" name="@BeforeSuite bs" time="0.0">
    <ignored/>
  </testcase> <!-- @BeforeSuite bs -->
</testsuite> <!-- Test runner 2 -->
