<?xml version="1.0" encoding="UTF-8"?>
<!-- Generated by org.testng.reporters.JUnitXMLReporter -->
<testsuite ignored="2" hostname="AbhishekMS" failures="0" tests="4" name="Test" time="0.129" errors="0" timestamp="2022-03-24T15:14:08 IST">
  <testcase classname="practice.GroupExe1" name="endtoend" time="0.015"/>
  <testcase classname="practice.GroupExe1" name="integration" time="0.003"/>
  <testcase classname="practice.GroupExe2" name="globalizationtesting" time="0.011"/>
  <testcase classname="practice.GroupExe2" name="performancetesting" time="0.005"/>
  <testcase classname="practice.GroupExe2" name="usabilitytesting" time="0.0">
    <ignored/>
  </testcase> <!-- usabilitytesting -->
  <testcase classname="practice.GroupExe1" name="functional" time="0.0">
    <ignored/>
  </testcase> <!-- functional -->
</testsuite> <!-- Test -->
