<?xml version="1.0" encoding="UTF-8"?>
<testng-results ignored="0" total="1" passed="1" failed="0" skipped="0">
  <reporter-output>
  </reporter-output>
  <suite started-at="2022-03-30T16:59:39 IST" name="Default suite" finished-at="2022-03-30T16:59:50 IST" duration-ms="11431">
    <groups>
    </groups>
    <test started-at="2022-03-30T16:59:39 IST" name="Default test" finished-at="2022-03-30T16:59:50 IST" duration-ms="11431">
      <class name="practice.Header">
        <test-method signature="header()[pri:0, instance:practice.Header@a2431d0]" started-at="2022-03-30T16:59:39 IST" name="header" finished-at="2022-03-30T16:59:50 IST" duration-ms="11350" status="PASS">
          <reporter-output>
          </reporter-output>
        </test-method> <!-- header -->
      </class> <!-- practice.Header -->
    </test> <!-- Default test -->
  </suite> <!-- Default suite -->
</testng-results>
